2020-10-07 17:28:58 CST INFO  com.sydl.console.ConsoleApplication 55 logStarting - Starting ConsoleApplication on PC-20191206503 with PID 31736 (F:\123\intelligence-electronic\electronic-parent\electronic-console\target\classes started by Administrator in F:\123\intelligence-electronic)[]
2020-10-07 17:28:58 CST INFO  com.sydl.console.ConsoleApplication 651 logStartupProfileInfo - No active profile set, falling back to default profiles: default[]
2020-10-07 17:28:59 CST INFO  org.springframework.boot.web.embedded.tomcat.TomcatWebServer 108 initialize - Tomcat initialized with port(s): 8080 (http)[]
2020-10-07 17:28:59 CST INFO  org.apache.coyote.http11.Http11NioProtocol 173 log - Initializing ProtocolHandler ["http-nio-8080"][]
2020-10-07 17:28:59 CST INFO  org.apache.catalina.core.StandardService 173 log - Starting service [Tomcat][]
2020-10-07 17:28:59 CST INFO  org.apache.catalina.core.StandardEngine 173 log - Starting Servlet engine: [Apache Tomcat/9.0.38][]
2020-10-07 17:28:59 CST INFO  org.apache.catalina.core.ContainerBase.[Tomcat].[localhost].[/] 173 log - Initializing Spring embedded WebApplicationContext[]
2020-10-07 17:28:59 CST INFO  org.springframework.boot.web.servlet.context.ServletWebServerApplicationContext 285 prepareWebApplicationContext - Root WebApplicationContext: initialization completed in 545 ms[]
2020-10-07 17:28:59 CST INFO  org.apache.coyote.http11.Http11NioProtocol 173 log - Starting ProtocolHandler ["http-nio-8080"][]
2020-10-07 17:28:59 CST INFO  org.springframework.boot.web.embedded.tomcat.TomcatWebServer 220 start - Tomcat started on port(s): 8080 (http) with context path ''[]
2020-10-07 17:28:59 CST INFO  com.sydl.console.ConsoleApplication 61 logStarted - Started ConsoleApplication in 1.1 seconds (JVM running for 1.808)[]
2020-10-07 17:28:59 CST INFO  com.sydl.console.ConsoleApplication 25 main - electronic-console is running!![]
2020-10-07 17:29:15 CST INFO  org.apache.catalina.core.ContainerBase.[Tomcat].[localhost].[/] 173 log - Initializing Spring DispatcherServlet 'dispatcherServlet'[]
2020-10-07 17:29:15 CST INFO  org.springframework.web.servlet.DispatcherServlet 525 initServletBean - Initializing Servlet 'dispatcherServlet'[]
2020-10-07 17:29:15 CST INFO  org.springframework.web.servlet.DispatcherServlet 547 initServletBean - Completed initialization in 4 ms[]
2020-10-07 17:29:15 CST INFO  com.sydl.console.ConsoleApplication 32 hello - 我是正常信息[]
2020-10-07 17:29:15 CST INFO  com.sydl.console.ConsoleApplication 32 hello - 我是正常信息[]
2020-10-07 17:29:15 CST INFO  com.sydl.console.ConsoleApplication 32 hello - 我是正常信息[]
2020-10-07 17:29:15 CST INFO  com.sydl.console.ConsoleApplication 32 hello - 我是正常信息[]
2020-10-07 17:29:15 CST INFO  com.sydl.console.ConsoleApplication 32 hello - 我是正常信息[]
2020-10-07 17:29:15 CST INFO  com.sydl.console.ConsoleApplication 32 hello - 我是正常信息[]
2020-10-07 17:29:16 CST INFO  com.sydl.console.ConsoleApplication 32 hello - 我是正常信息[]
2020-10-07 17:29:16 CST INFO  com.sydl.console.ConsoleApplication 32 hello - 我是正常信息[]
2020-10-07 17:29:16 CST INFO  com.sydl.console.ConsoleApplication 32 hello - 我是正常信息[]
2020-10-07 17:29:16 CST INFO  com.sydl.console.ConsoleApplication 32 hello - 我是正常信息[]
2020-10-07 17:29:16 CST INFO  com.sydl.console.ConsoleApplication 32 hello - 我是正常信息[]
2020-10-07 17:29:16 CST INFO  com.sydl.console.ConsoleApplication 32 hello - 我是正常信息[]
